XDG_VTNR=7
ORBIT_SOCKETDIR=/tmp/orbit-sanket
XDG_SESSION_ID=c3
LESS_TERMCAP_mb=[01;31m
SELINUX_INIT=YES
TERMINATOR_UUID=urn:uuid:d8e8a478-26a0-4fa8-b483-bd5f73bae77c
CLUTTER_IM_MODULE=xim
SESSION=gnome
GIO_LAUNCHED_DESKTOP_FILE_PID=29933
LESS_TERMCAP_md=[01;31m
GPG_AGENT_INFO=/tmp/gpg-IRHqRM/S.gpg-agent:2622:1
LESS_TERMCAP_me=[0m
XDG_MENU_PREFIX=gnome-
SHELL=/bin/bash
TERM=xterm
GJS_DEBUG_OUTPUT=stderr
WINDOWID=69206020
GNOME_KEYRING_CONTROL=/run/user/1000/keyring-Ko6ye2
UPSTART_SESSION=unix:abstract=/com/ubuntu/upstart-session/1000/2390
GJS_DEBUG_TOPICS=JS ERROR;JS LOG
LESS_TERMCAP_ue=[0m
GTK_MODULES=overlay-scrollbar
USER=sanket
LS_COLORS=rs=0:di=01;34:ln=01;36:mh=00:pi=40;33:so=01;35:do=01;35:bd=40;33;01:cd=40;33;01:or=40;31;01:su=37;41:sg=30;43:ca=30;41:tw=30;42:ow=34;42:st=37;44:ex=01;32:*.tar=01;31:*.tgz=01;31:*.arj=01;31:*.taz=01;31:*.lzh=01;31:*.lzma=01;31:*.tlz=01;31:*.txz=01;31:*.zip=01;31:*.z=01;31:*.Z=01;31:*.dz=01;31:*.gz=01;31:*.lz=01;31:*.xz=01;31:*.bz2=01;31:*.bz=01;31:*.tbz=01;31:*.tbz2=01;31:*.tz=01;31:*.deb=01;31:*.rpm=01;31:*.jar=01;31:*.war=01;31:*.ear=01;31:*.sar=01;31:*.rar=01;31:*.ace=01;31:*.zoo=01;31:*.cpio=01;31:*.7z=01;31:*.rz=01;31:*.jpg=01;35:*.jpeg=01;35:*.gif=01;35:*.bmp=01;35:*.pbm=01;35:*.pgm=01;35:*.ppm=01;35:*.tga=01;35:*.xbm=01;35:*.xpm=01;35:*.tif=01;35:*.tiff=01;35:*.png=01;35:*.svg=01;35:*.svgz=01;35:*.mng=01;35:*.pcx=01;35:*.mov=01;35:*.mpg=01;35:*.mpeg=01;35:*.m2v=01;35:*.mkv=01;35:*.webm=01;35:*.ogm=01;35:*.mp4=01;35:*.m4v=01;35:*.mp4v=01;35:*.vob=01;35:*.qt=01;35:*.nuv=01;35:*.wmv=01;35:*.asf=01;35:*.rm=01;35:*.rmvb=01;35:*.flc=01;35:*.avi=01;35:*.fli=01;35:*.flv=01;35:*.gl=01;35:*.dl=01;35:*.xcf=01;35:*.xwd=01;35:*.yuv=01;35:*.cgm=01;35:*.emf=01;35:*.axv=01;35:*.anx=01;35:*.ogv=01;35:*.ogx=01;35:*.aac=00;36:*.au=00;36:*.flac=00;36:*.mid=00;36:*.midi=00;36:*.mka=00;36:*.mp3=00;36:*.mpc=00;36:*.ogg=00;36:*.ra=00;36:*.wav=00;36:*.axa=00;36:*.oga=00;36:*.spx=00;36:*.xspf=00;36:
SSH_AUTH_SOCK=/run/user/1000/keyring-Ko6ye2/ssh
DEFAULTS_PATH=/usr/share/gconf/gnome.default.path
USERNAME=sanket
SESSION_MANAGER=local/ubuntu1:@/tmp/.ICE-unix/2640,unix/ubuntu1:/tmp/.ICE-unix/2640
PAGER=/usr/bin/vim
GIO_LAUNCHED_DESKTOP_FILE=/usr/share/applications/terminator.desktop
XDG_CONFIG_DIRS=/etc/xdg/xdg-gnome:/usr/share/upstart/xdg:/etc/xdg
LESS_TERMCAP_us=[01;32m
DESKTOP_SESSION=gnome
PATH=/usr/local/sbin:/usr/local/bin:/usr/sbin:/usr/bin:/sbin:/bin:/usr/games:/usr/local/games
QT_QPA_PLATFORMTHEME=appmenu-qt5
QT_IM_MODULE=ibus
PWD=/home/sanket
JOB=dbus
XMODIFIERS=@im=ibus
EDITOR=vim
LANG=en_GB.UTF-8
GNOME_KEYRING_PID=2388
MANDATORY_PATH=/usr/share/gconf/gnome.mandatory.path
GDM_LANG=en_GB
IM_CONFIG_PHASE=1
GDMSESSION=gnome
SESSIONTYPE=gnome-session
SHLVL=2
HOME=/home/sanket
XDG_SEAT=seat0
MANPAGER=/usr/bin/vim
LANGUAGE=en_GB:en
GREP_OPTIONS=--color=auto
GNOME_DESKTOP_SESSION_ID=this-is-deprecated
LOGNAME=sanket
DBUS_SESSION_BUS_ADDRESS=unix:abstract=/tmp/dbus-cnlO2jRhXM
QT4_IM_MODULE=xim
XDG_DATA_DIRS=/usr/share/gnome:/usr/local/share/:/usr/share/
LESS_TERMCAP_so=[01;44;33m
LESSOPEN=| /usr/bin/lesspipe %s
WINDOWPATH=7
TEXTDOMAIN=im-config
INSTANCE=
DISPLAY=:0
XDG_RUNTIME_DIR=/run/user/1000
GTK_IM_MODULE=ibus
XDG_CURRENT_DESKTOP=GNOME
LESSCLOSE=/usr/bin/lesspipe %s %s
TEXTDOMAINDIR=/usr/share/locale/
XAUTHORITY=/var/run/gdm/auth-for-sanket-CdGXd0/database
COLORTERM=gnome-terminal
LESS_TERMCAP_se=[0m
_=/usr/bin/printenv
